Build started 9/7/2016 5:22:14 PM.
     1>Project "C:\Users\osuoa\Documents\Visual Studio 2015\Projects\RNN_NOVA-vis\RNN_NOVA-vis\RNN_NOVA-vis.vcxproj" on node 2 (Build target(s)).
     1>ClCompile:
         C:\Program Files (x86)\Microsoft Visual Studio 14.0\VC\bin\CL.exe /c /AI"C:\Program Files (x86)\Reference Assemblies\Microsoft\Framework\.NETFramework\v4.5.2\\" /AI"C:\Program Files (x86)\Windows Kits\8.1\References\CommonConfiguration\Neutral" /AI"C:\Program Files (x86)\Reference Assemblies\Microsoft\Framework\.NETFramework\v4.5.2\Facades\\" /Zi /clr /nologo /W3 /WX- /Od /Oy- /D WIN32 /D _DEBUG /D _UNICODE /D UNICODE /EHa /MDd /GS /fp:precise /Zc:wchar_t /Zc:forScope /Zc:inline /Fo"Debug\\" /Fd"Debug\vc140.pdb" /TP /FU"C:\Program Files (x86)\Reference Assemblies\Microsoft\Framework\.NETFramework\v4.5.2\mscorlib.dll" /FU"C:\Program Files (x86)\Reference Assemblies\Microsoft\Framework\.NETFramework\v4.5.2\System.Data.dll" /FU"C:\Program Files (x86)\Reference Assemblies\Microsoft\Framework\.NETFramework\v4.5.2\System.dll" /FU"C:\Program Files (x86)\Reference Assemblies\Microsoft\Framework\.NETFramework\v4.5.2\System.Drawing.dll" /FU"C:\Program Files (x86)\Reference Assemblies\Microsoft\Framework\.NETFramework\v4.5.2\System.Windows.Forms.dll" /FU"C:\Program Files (x86)\Reference Assemblies\Microsoft\Framework\.NETFramework\v4.5.2\System.Xml.dll" /analyze- /errorReport:prompt /clr:nostdlib MyForm.cpp RNN_NOVA\Activation_Functions\sigmoid.cpp RNN_NOVA\Activation_Functions\softmax.cpp RNN_NOVA\Activation_Functions\tanh.cpp RNN_NOVA\LSTM\lstm.cpp RNN_NOVA\Math\gradient_checking.cpp RNN_NOVA\Neuron\lstm_block.cpp RNN_NOVA\WeightMatrix\mult_mat_vec.cpp RNN_NOVA\WeightMatrix\mult_tranpose_mat_vec.cpp RNN_NOVA\WeightMatrix\optimizers\adagrad.cpp RNN_NOVA\WeightMatrix\update_weights.cpp
         MyForm.cpp
     1>MyForm.cpp(14): warning C4996: 'freopen': This function or variable may be unsafe. Consider using freopen_s instead. To disable deprecation, use _CRT_SECURE_NO_WARNINGS. See online help for details.
         C:\Program Files (x86)\Windows Kits\10\Include\10.0.10150.0\ucrt\stdio.h(240): note: see declaration of 'freopen'
     1>MyForm.cpp(15): warning C4996: 'freopen': This function or variable may be unsafe. Consider using freopen_s instead. To disable deprecation, use _CRT_SECURE_NO_WARNINGS. See online help for details.
         C:\Program Files (x86)\Windows Kits\10\Include\10.0.10150.0\ucrt\stdio.h(240): note: see declaration of 'freopen'
         sigmoid.cpp
         softmax.cpp
         tanh.cpp
         lstm.cpp
     1>c:\users\osuoa\documents\visual studio 2015\projects\rnn_nova-vis\rnn_nova-vis\rnn_nova\lstm\..\Math\gradient_checking.h(76): warning C4101: 'err': unreferenced local variable
     1>c:\users\osuoa\documents\visual studio 2015\projects\rnn_nova-vis\rnn_nova-vis\rnn_nova\lstm\..\Math\gradient_checking.h(115): warning C4101: 'err': unreferenced local variable
     1>c:\users\osuoa\documents\visual studio 2015\projects\rnn_nova-vis\rnn_nova-vis\rnn_nova\lstm\..\Loss_Functions\lf_directory.h(4): warning C4067: unexpected tokens following preprocessor directive - expected a newline
     1>c:\users\osuoa\documents\visual studio 2015\projects\rnn_nova-vis\rnn_nova-vis\rnn_nova\loss_functions\..\Loss_Functions\mse.h(4): warning C4067: unexpected tokens following preprocessor directive - expected a newline
     1>c:\users\osuoa\documents\visual studio 2015\projects\rnn_nova-vis\rnn_nova-vis\rnn_nova\loss_functions\..\Loss_Functions\cross_entropy.h(3): warning C4067: unexpected tokens following preprocessor directive - expected a newline
     1>c:\users\osuoa\documents\visual studio 2015\projects\rnn_nova-vis\rnn_nova-vis\rnn_nova\lstm\..\Activation_Functions\af_directory.h(4): warning C4067: unexpected tokens following preprocessor directive - expected a newline
     1>c:\users\osuoa\documents\visual studio 2015\projects\rnn_nova-vis\rnn_nova-vis\rnn_nova\lstm\..\WeightMatrix\weightmatrix.h(149): warning C4101: 'err': unreferenced local variable
         c:\users\osuoa\documents\visual studio 2015\projects\rnn_nova-vis\rnn_nova-vis\rnn_nova\lstm\..\WeightMatrix\weightmatrix.h(107): note: while compiling class template member function 'WeightMatrix<double>::WeightMatrix(const int,const int)'
         RNN_NOVA\LSTM\lstm.cpp(69): note: see reference to function template instantiation 'WeightMatrix<double>::WeightMatrix(const int,const int)' being compiled
         RNN_NOVA\LSTM\lstm.cpp(69): note: see reference to class template instantiation 'WeightMatrix<double>' being compiled
     1>c:\users\osuoa\documents\visual studio 2015\projects\rnn_nova-vis\rnn_nova-vis\rnn_nova\lstm\..\WeightMatrix\weightmatrix.h(199): warning C4101: 'err': unreferenced local variable
         c:\users\osuoa\documents\visual studio 2015\projects\rnn_nova-vis\rnn_nova-vis\rnn_nova\lstm\..\WeightMatrix\weightmatrix.h(187): note: while compiling class template member function 'void WeightMatrix<double>::RandomizeWeights(const double *,const double *)'
         RNN_NOVA\LSTM\lstm.cpp(140): note: see reference to function template instantiation 'void WeightMatrix<double>::RandomizeWeights(const double *,const double *)' being compiled
     1>c:\users\osuoa\documents\visual studio 2015\projects\rnn_nova-vis\rnn_nova-vis\rnn_nova\lstm\..\WeightMatrix\weightmatrix.h(224): warning C4101: 'err': unreferenced local variable
         c:\users\osuoa\documents\visual studio 2015\projects\rnn_nova-vis\rnn_nova-vis\rnn_nova\lstm\..\WeightMatrix\weightmatrix.h(212): note: while compiling class template member function 'void WeightMatrix<double>::FillWithConstants(const double *)'
         RNN_NOVA\LSTM\lstm.cpp(152): note: see reference to function template instantiation 'void WeightMatrix<double>::FillWithConstants(const double *)' being compiled
         gradient_checking.cpp
         lstm_block.cpp
         mult_mat_vec.cpp
         mult_tranpose_mat_vec.cpp
         adagrad.cpp
         update_weights.cpp
         Generating Code...
     1>c:\users\osuoa\documents\visual studio 2015\projects\rnn_nova-vis\rnn_nova-vis\rnn_nova\weightmatrix\optimizers\adagrad.cpp(39): warning C4793: 'WeightMatrix<double>::Calc_Weights_ADAGRAD_SSE': function compiled as native:
         	Found an intrinsic not supported in managed code
     1>c:\users\osuoa\documents\visual studio 2015\projects\rnn_nova-vis\rnn_nova-vis\rnn_nova\weightmatrix\optimizers\adagrad.cpp(40): warning C4793: 'WeightMatrix<double>::Calc_Weights_ADAGRAD_SSE': function compiled as native:
         	Found an intrinsic not supported in managed code
     1>c:\users\osuoa\documents\visual studio 2015\projects\rnn_nova-vis\rnn_nova-vis\rnn_nova\weightmatrix\optimizers\adagrad.cpp(47): warning C4793: 'WeightMatrix<double>::Calc_Weights_ADAGRAD_SSE': function compiled as native:
         	Found an intrinsic not supported in managed code
     1>c:\users\osuoa\documents\visual studio 2015\projects\rnn_nova-vis\rnn_nova-vis\rnn_nova\weightmatrix\optimizers\adagrad.cpp(48): warning C4793: 'WeightMatrix<double>::Calc_Weights_ADAGRAD_SSE': function compiled as native:
         	Found an intrinsic not supported in managed code
     1>c:\users\osuoa\documents\visual studio 2015\projects\rnn_nova-vis\rnn_nova-vis\rnn_nova\weightmatrix\optimizers\adagrad.cpp(55): warning C4793: 'WeightMatrix<double>::Calc_Weights_ADAGRAD_SSE': function compiled as native:
         	Found an intrinsic not supported in managed code
     1>c:\users\osuoa\documents\visual studio 2015\projects\rnn_nova-vis\rnn_nova-vis\rnn_nova\weightmatrix\optimizers\adagrad.cpp(56): warning C4793: 'WeightMatrix<double>::Calc_Weights_ADAGRAD_SSE': function compiled as native:
         	Found an intrinsic not supported in managed code
     1>c:\users\osuoa\documents\visual studio 2015\projects\rnn_nova-vis\rnn_nova-vis\rnn_nova\weightmatrix\optimizers\adagrad.cpp(59): warning C4793: 'WeightMatrix<double>::Calc_Weights_ADAGRAD_SSE': function compiled as native:
         	Found an intrinsic not supported in managed code
     1>c:\users\osuoa\documents\visual studio 2015\projects\rnn_nova-vis\rnn_nova-vis\rnn_nova\weightmatrix\optimizers\adagrad.cpp(62): warning C4793: 'WeightMatrix<double>::Calc_Weights_ADAGRAD_SSE': function compiled as native:
         	Found an intrinsic not supported in managed code
     1>c:\users\osuoa\documents\visual studio 2015\projects\rnn_nova-vis\rnn_nova-vis\rnn_nova\weightmatrix\optimizers\adagrad.cpp(64): warning C4793: 'WeightMatrix<double>::Calc_Weights_ADAGRAD_SSE': function compiled as native:
         	Found an intrinsic not supported in managed code
     1>c:\users\osuoa\documents\visual studio 2015\projects\rnn_nova-vis\rnn_nova-vis\rnn_nova\weightmatrix\optimizers\adagrad.cpp(65): warning C4793: 'WeightMatrix<double>::Calc_Weights_ADAGRAD_SSE': function compiled as native:
         	Found an intrinsic not supported in managed code
     1>c:\users\osuoa\documents\visual studio 2015\projects\rnn_nova-vis\rnn_nova-vis\rnn_nova\weightmatrix\optimizers\adagrad.cpp(65): warning C4793: 'WeightMatrix<double>::Calc_Weights_ADAGRAD_SSE': function compiled as native:
         	Found an intrinsic not supported in managed code
     1>c:\users\osuoa\documents\visual studio 2015\projects\rnn_nova-vis\rnn_nova-vis\rnn_nova\weightmatrix\optimizers\adagrad.cpp(66): warning C4793: 'WeightMatrix<double>::Calc_Weights_ADAGRAD_SSE': function compiled as native:
         	Found an intrinsic not supported in managed code
     1>c:\users\osuoa\documents\visual studio 2015\projects\rnn_nova-vis\rnn_nova-vis\rnn_nova\weightmatrix\optimizers\adagrad.cpp(72): warning C4793: 'WeightMatrix<double>::Calc_Weights_ADAGRAD_SSE': function compiled as native:
         	Found an intrinsic not supported in managed code
     1>c:\users\osuoa\documents\visual studio 2015\projects\rnn_nova-vis\rnn_nova-vis\rnn_nova\weightmatrix\optimizers\adagrad.cpp(75): warning C4793: 'WeightMatrix<double>::Calc_Weights_ADAGRAD_SSE': function compiled as native:
         	Found an intrinsic not supported in managed code
     1>c:\users\osuoa\documents\visual studio 2015\projects\rnn_nova-vis\rnn_nova-vis\rnn_nova\weightmatrix\optimizers\adagrad.cpp(78): warning C4793: 'WeightMatrix<double>::Calc_Weights_ADAGRAD_SSE': function compiled as native:
         	Found an intrinsic not supported in managed code
     1>c:\users\osuoa\documents\visual studio 2015\projects\rnn_nova-vis\rnn_nova-vis\rnn_nova\weightmatrix\optimizers\adagrad.cpp(81): warning C4793: 'WeightMatrix<double>::Calc_Weights_ADAGRAD_SSE': function compiled as native:
         	Found an intrinsic not supported in managed code
     1>c:\users\osuoa\documents\visual studio 2015\projects\rnn_nova-vis\rnn_nova-vis\rnn_nova\weightmatrix\optimizers\adagrad.cpp(82): warning C4793: 'WeightMatrix<double>::Calc_Weights_ADAGRAD_SSE': function compiled as native:
         	Found an intrinsic not supported in managed code
     1>c:\users\osuoa\documents\visual studio 2015\projects\rnn_nova-vis\rnn_nova-vis\rnn_nova\weightmatrix\optimizers\adagrad.cpp(82): warning C4793: 'WeightMatrix<double>::Calc_Weights_ADAGRAD_SSE': function compiled as native:
         	Found an intrinsic not supported in managed code
     1>c:\users\osuoa\documents\visual studio 2015\projects\rnn_nova-vis\rnn_nova-vis\rnn_nova\weightmatrix\optimizers\adagrad.cpp(83): warning C4793: 'WeightMatrix<double>::Calc_Weights_ADAGRAD_SSE': function compiled as native:
         	Found an intrinsic not supported in managed code
     1>c:\users\osuoa\documents\visual studio 2015\projects\rnn_nova-vis\rnn_nova-vis\rnn_nova\weightmatrix\mult_mat_vec.cpp(52): warning C4793: 'WeightMatrix<double>::Mult_Mat_Vec_NxM_Mx1_SSE': function compiled as native:
         	Found an intrinsic not supported in managed code
     1>c:\users\osuoa\documents\visual studio 2015\projects\rnn_nova-vis\rnn_nova-vis\rnn_nova\weightmatrix\mult_mat_vec.cpp(54): warning C4793: 'WeightMatrix<double>::Mult_Mat_Vec_NxM_Mx1_SSE': function compiled as native:
         	Found an intrinsic not supported in managed code
     1>c:\users\osuoa\documents\visual studio 2015\projects\rnn_nova-vis\rnn_nova-vis\rnn_nova\weightmatrix\mult_mat_vec.cpp(55): warning C4793: 'WeightMatrix<double>::Mult_Mat_Vec_NxM_Mx1_SSE': function compiled as native:
         	Found an intrinsic not supported in managed code
     1>c:\users\osuoa\documents\visual studio 2015\projects\rnn_nova-vis\rnn_nova-vis\rnn_nova\weightmatrix\mult_mat_vec.cpp(56): warning C4793: 'WeightMatrix<double>::Mult_Mat_Vec_NxM_Mx1_SSE': function compiled as native:
         	Found an intrinsic not supported in managed code
     1>c:\users\osuoa\documents\visual studio 2015\projects\rnn_nova-vis\rnn_nova-vis\rnn_nova\weightmatrix\mult_mat_vec.cpp(60): warning C4793: 'WeightMatrix<double>::Mult_Mat_Vec_NxM_Mx1_SSE': function compiled as native:
         	Found an intrinsic not supported in managed code
     1>c:\users\osuoa\documents\visual studio 2015\projects\rnn_nova-vis\rnn_nova-vis\rnn_nova\weightmatrix\mult_mat_vec.cpp(60): warning C4793: 'WeightMatrix<double>::Mult_Mat_Vec_NxM_Mx1_SSE': function compiled as native:
         	Found an intrinsic not supported in managed code
     1>c:\users\osuoa\documents\visual studio 2015\projects\rnn_nova-vis\rnn_nova-vis\rnn_nova\weightmatrix\mult_mat_vec.cpp(62): warning C4793: 'WeightMatrix<double>::Mult_Mat_Vec_NxM_Mx1_SSE': function compiled as native:
         	Found an intrinsic not supported in managed code
     1>c:\users\osuoa\documents\visual studio 2015\projects\rnn_nova-vis\rnn_nova-vis\rnn_nova\weightmatrix\mult_mat_vec.cpp(62): warning C4793: 'WeightMatrix<double>::Mult_Mat_Vec_NxM_Mx1_SSE': function compiled as native:
         	Found an intrinsic not supported in managed code
     1>c:\users\osuoa\documents\visual studio 2015\projects\rnn_nova-vis\rnn_nova-vis\rnn_nova\weightmatrix\mult_mat_vec.cpp(66): warning C4793: 'WeightMatrix<double>::Mult_Mat_Vec_NxM_Mx1_SSE': function compiled as native:
         	Found an intrinsic not supported in managed code
     1>c:\users\osuoa\documents\visual studio 2015\projects\rnn_nova-vis\rnn_nova-vis\rnn_nova\weightmatrix\mult_mat_vec.cpp(66): warning C4793: 'WeightMatrix<double>::Mult_Mat_Vec_NxM_Mx1_SSE': function compiled as native:
         	Found an intrinsic not supported in managed code
     1>c:\users\osuoa\documents\visual studio 2015\projects\rnn_nova-vis\rnn_nova-vis\rnn_nova\weightmatrix\mult_mat_vec.cpp(66): warning C4793: 'WeightMatrix<double>::Mult_Mat_Vec_NxM_Mx1_SSE': function compiled as native:
         	Found an intrinsic not supported in managed code
     1>c:\users\osuoa\documents\visual studio 2015\projects\rnn_nova-vis\rnn_nova-vis\rnn_nova\weightmatrix\mult_mat_vec.cpp(66): warning C4793: 'WeightMatrix<double>::Mult_Mat_Vec_NxM_Mx1_SSE': function compiled as native:
         	Found an intrinsic not supported in managed code
     1>c:\users\osuoa\documents\visual studio 2015\projects\rnn_nova-vis\rnn_nova-vis\rnn_nova\weightmatrix\mult_mat_vec.cpp(68): warning C4793: 'WeightMatrix<double>::Mult_Mat_Vec_NxM_Mx1_SSE': function compiled as native:
         	Found an intrinsic not supported in managed code
     1>c:\users\osuoa\documents\visual studio 2015\projects\rnn_nova-vis\rnn_nova-vis\rnn_nova\weightmatrix\mult_mat_vec.cpp(68): warning C4793: 'WeightMatrix<double>::Mult_Mat_Vec_NxM_Mx1_SSE': function compiled as native:
         	Found an intrinsic not supported in managed code
     1>c:\users\osuoa\documents\visual studio 2015\projects\rnn_nova-vis\rnn_nova-vis\rnn_nova\weightmatrix\mult_mat_vec.cpp(72): warning C4793: 'WeightMatrix<double>::Mult_Mat_Vec_NxM_Mx1_SSE': function compiled as native:
         	Found an intrinsic not supported in managed code
     1>c:\users\osuoa\documents\visual studio 2015\projects\rnn_nova-vis\rnn_nova-vis\rnn_nova\weightmatrix\mult_mat_vec.cpp(72): warning C4793: 'WeightMatrix<double>::Mult_Mat_Vec_NxM_Mx1_SSE': function compiled as native:
         	Found an intrinsic not supported in managed code
     1>c:\users\osuoa\documents\visual studio 2015\projects\rnn_nova-vis\rnn_nova-vis\rnn_nova\weightmatrix\mult_mat_vec.cpp(72): warning C4793: 'WeightMatrix<double>::Mult_Mat_Vec_NxM_Mx1_SSE': function compiled as native:
         	Found an intrinsic not supported in managed code
     1>c:\users\osuoa\documents\visual studio 2015\projects\rnn_nova-vis\rnn_nova-vis\rnn_nova\weightmatrix\mult_mat_vec.cpp(72): warning C4793: 'WeightMatrix<double>::Mult_Mat_Vec_NxM_Mx1_SSE': function compiled as native:
         	Found an intrinsic not supported in managed code
     1>c:\users\osuoa\documents\visual studio 2015\projects\rnn_nova-vis\rnn_nova-vis\rnn_nova\weightmatrix\mult_mat_vec.cpp(74): warning C4793: 'WeightMatrix<double>::Mult_Mat_Vec_NxM_Mx1_SSE': function compiled as native:
         	Found an intrinsic not supported in managed code
     1>c:\users\osuoa\documents\visual studio 2015\projects\rnn_nova-vis\rnn_nova-vis\rnn_nova\weightmatrix\mult_mat_vec.cpp(74): warning C4793: 'WeightMatrix<double>::Mult_Mat_Vec_NxM_Mx1_SSE': function compiled as native:
         	Found an intrinsic not supported in managed code
     1>c:\users\osuoa\documents\visual studio 2015\projects\rnn_nova-vis\rnn_nova-vis\rnn_nova\weightmatrix\mult_mat_vec.cpp(78): warning C4793: 'WeightMatrix<double>::Mult_Mat_Vec_NxM_Mx1_SSE': function compiled as native:
         	Found an intrinsic not supported in managed code
     1>c:\users\osuoa\documents\visual studio 2015\projects\rnn_nova-vis\rnn_nova-vis\rnn_nova\weightmatrix\mult_mat_vec.cpp(78): warning C4793: 'WeightMatrix<double>::Mult_Mat_Vec_NxM_Mx1_SSE': function compiled as native:
         	Found an intrinsic not supported in managed code
     1>c:\users\osuoa\documents\visual studio 2015\projects\rnn_nova-vis\rnn_nova-vis\rnn_nova\weightmatrix\mult_mat_vec.cpp(78): warning C4793: 'WeightMatrix<double>::Mult_Mat_Vec_NxM_Mx1_SSE': function compiled as native:
         	Found an intrinsic not supported in managed code
     1>c:\users\osuoa\documents\visual studio 2015\projects\rnn_nova-vis\rnn_nova-vis\rnn_nova\weightmatrix\mult_mat_vec.cpp(78): warning C4793: 'WeightMatrix<double>::Mult_Mat_Vec_NxM_Mx1_SSE': function compiled as native:
         	Found an intrinsic not supported in managed code
     1>c:\users\osuoa\documents\visual studio 2015\projects\rnn_nova-vis\rnn_nova-vis\rnn_nova\weightmatrix\mult_mat_vec.cpp(80): warning C4793: 'WeightMatrix<double>::Mult_Mat_Vec_NxM_Mx1_SSE': function compiled as native:
         	Found an intrinsic not supported in managed code
     1>c:\users\osuoa\documents\visual studio 2015\projects\rnn_nova-vis\rnn_nova-vis\rnn_nova\weightmatrix\mult_mat_vec.cpp(80): warning C4793: 'WeightMatrix<double>::Mult_Mat_Vec_NxM_Mx1_SSE': function compiled as native:
         	Found an intrinsic not supported in managed code
     1>c:\users\osuoa\documents\visual studio 2015\projects\rnn_nova-vis\rnn_nova-vis\rnn_nova\weightmatrix\mult_mat_vec.cpp(84): warning C4793: 'WeightMatrix<double>::Mult_Mat_Vec_NxM_Mx1_SSE': function compiled as native:
         	Found an intrinsic not supported in managed code
     1>c:\users\osuoa\documents\visual studio 2015\projects\rnn_nova-vis\rnn_nova-vis\rnn_nova\weightmatrix\mult_mat_vec.cpp(84): warning C4793: 'WeightMatrix<double>::Mult_Mat_Vec_NxM_Mx1_SSE': function compiled as native:
         	Found an intrinsic not supported in managed code
     1>c:\users\osuoa\documents\visual studio 2015\projects\rnn_nova-vis\rnn_nova-vis\rnn_nova\weightmatrix\mult_mat_vec.cpp(84): warning C4793: 'WeightMatrix<double>::Mult_Mat_Vec_NxM_Mx1_SSE': function compiled as native:
         	Found an intrinsic not supported in managed code
     1>c:\users\osuoa\documents\visual studio 2015\projects\rnn_nova-vis\rnn_nova-vis\rnn_nova\weightmatrix\mult_mat_vec.cpp(84): warning C4793: 'WeightMatrix<double>::Mult_Mat_Vec_NxM_Mx1_SSE': function compiled as native:
         	Found an intrinsic not supported in managed code
     1>c:\users\osuoa\documents\visual studio 2015\projects\rnn_nova-vis\rnn_nova-vis\rnn_nova\weightmatrix\mult_mat_vec.cpp(92): warning C4793: 'WeightMatrix<double>::Mult_Mat_Vec_NxM_Mx1_SSE': function compiled as native:
         	Found an intrinsic not supported in managed code
     1>c:\users\osuoa\documents\visual studio 2015\projects\rnn_nova-vis\rnn_nova-vis\rnn_nova\weightmatrix\mult_mat_vec.cpp(93): warning C4793: 'WeightMatrix<double>::Mult_Mat_Vec_NxM_Mx1_SSE': function compiled as native:
         	Found an intrinsic not supported in managed code
     1>c:\users\osuoa\documents\visual studio 2015\projects\rnn_nova-vis\rnn_nova-vis\rnn_nova\weightmatrix\mult_mat_vec.cpp(96): warning C4793: 'WeightMatrix<double>::Mult_Mat_Vec_NxM_Mx1_SSE': function compiled as native:
         	Found an intrinsic not supported in managed code
     1>c:\users\osuoa\documents\visual studio 2015\projects\rnn_nova-vis\rnn_nova-vis\rnn_nova\weightmatrix\mult_mat_vec.cpp(96): warning C4793: 'WeightMatrix<double>::Mult_Mat_Vec_NxM_Mx1_SSE': function compiled as native:
         	Found an intrinsic not supported in managed code
     1>c:\users\osuoa\documents\visual studio 2015\projects\rnn_nova-vis\rnn_nova-vis\rnn_nova\weightmatrix\mult_mat_vec.cpp(98): warning C4793: 'WeightMatrix<double>::Mult_Mat_Vec_NxM_Mx1_SSE': function compiled as native:
         	Found an intrinsic not supported in managed code
     1>c:\users\osuoa\documents\visual studio 2015\projects\rnn_nova-vis\rnn_nova-vis\rnn_nova\weightmatrix\mult_mat_vec.cpp(101): warning C4793: 'WeightMatrix<double>::Mult_Mat_Vec_NxM_Mx1_SSE': function compiled as native:
         	Found an intrinsic not supported in managed code
     1>c:\users\osuoa\documents\visual studio 2015\projects\rnn_nova-vis\rnn_nova-vis\rnn_nova\weightmatrix\mult_mat_vec.cpp(101): warning C4793: 'WeightMatrix<double>::Mult_Mat_Vec_NxM_Mx1_SSE': function compiled as native:
         	Found an intrinsic not supported in managed code
     1>c:\users\osuoa\documents\visual studio 2015\projects\rnn_nova-vis\rnn_nova-vis\rnn_nova\weightmatrix\mult_mat_vec.cpp(103): warning C4793: 'WeightMatrix<double>::Mult_Mat_Vec_NxM_Mx1_SSE': function compiled as native:
         	Found an intrinsic not supported in managed code
     1>c:\users\osuoa\documents\visual studio 2015\projects\rnn_nova-vis\rnn_nova-vis\rnn_nova\weightmatrix\mult_mat_vec.cpp(106): warning C4793: 'WeightMatrix<double>::Mult_Mat_Vec_NxM_Mx1_SSE': function compiled as native:
         	Found an intrinsic not supported in managed code
     1>c:\users\osuoa\documents\visual studio 2015\projects\rnn_nova-vis\rnn_nova-vis\rnn_nova\weightmatrix\mult_mat_vec.cpp(106): warning C4793: 'WeightMatrix<double>::Mult_Mat_Vec_NxM_Mx1_SSE': function compiled as native:
         	Found an intrinsic not supported in managed code
     1>c:\users\osuoa\documents\visual studio 2015\projects\rnn_nova-vis\rnn_nova-vis\rnn_nova\weightmatrix\mult_mat_vec.cpp(108): warning C4793: 'WeightMatrix<double>::Mult_Mat_Vec_NxM_Mx1_SSE': function compiled as native:
         	Found an intrinsic not supported in managed code
     1>c:\users\osuoa\documents\visual studio 2015\projects\rnn_nova-vis\rnn_nova-vis\rnn_nova\weightmatrix\mult_mat_vec.cpp(111): warning C4793: 'WeightMatrix<double>::Mult_Mat_Vec_NxM_Mx1_SSE': function compiled as native:
         	Found an intrinsic not supported in managed code
     1>c:\users\osuoa\documents\visual studio 2015\projects\rnn_nova-vis\rnn_nova-vis\rnn_nova\weightmatrix\mult_mat_vec.cpp(111): warning C4793: 'WeightMatrix<double>::Mult_Mat_Vec_NxM_Mx1_SSE': function compiled as native:
         	Found an intrinsic not supported in managed code
     1>c:\users\osuoa\documents\visual studio 2015\projects\rnn_nova-vis\rnn_nova-vis\rnn_nova\weightmatrix\mult_mat_vec.cpp(125): warning C4793: 'WeightMatrix<double>::Mult_Mat_Vec_NxM_Mx1_SSE': function compiled as native:
         	Found an intrinsic not supported in managed code
     1>c:\users\osuoa\documents\visual studio 2015\projects\rnn_nova-vis\rnn_nova-vis\rnn_nova\weightmatrix\mult_mat_vec.cpp(129): warning C4793: 'WeightMatrix<double>::Mult_Mat_Vec_NxM_Mx1_SSE': function compiled as native:
         	Found an intrinsic not supported in managed code
     1>c:\users\osuoa\documents\visual studio 2015\projects\rnn_nova-vis\rnn_nova-vis\rnn_nova\weightmatrix\mult_mat_vec.cpp(129): warning C4793: 'WeightMatrix<double>::Mult_Mat_Vec_NxM_Mx1_SSE': function compiled as native:
         	Found an intrinsic not supported in managed code
     1>c:\users\osuoa\documents\visual studio 2015\projects\rnn_nova-vis\rnn_nova-vis\rnn_nova\weightmatrix\mult_mat_vec.cpp(131): warning C4793: 'WeightMatrix<double>::Mult_Mat_Vec_NxM_Mx1_SSE': function compiled as native:
         	Found an intrinsic not supported in managed code
     1>c:\users\osuoa\documents\visual studio 2015\projects\rnn_nova-vis\rnn_nova-vis\rnn_nova\weightmatrix\mult_mat_vec.cpp(131): warning C4793: 'WeightMatrix<double>::Mult_Mat_Vec_NxM_Mx1_SSE': function compiled as native:
         	Found an intrinsic not supported in managed code
     1>c:\users\osuoa\documents\visual studio 2015\projects\rnn_nova-vis\rnn_nova-vis\rnn_nova\weightmatrix\mult_mat_vec.cpp(135): warning C4793: 'WeightMatrix<double>::Mult_Mat_Vec_NxM_Mx1_SSE': function compiled as native:
         	Found an intrinsic not supported in managed code
     1>c:\users\osuoa\documents\visual studio 2015\projects\rnn_nova-vis\rnn_nova-vis\rnn_nova\weightmatrix\mult_mat_vec.cpp(135): warning C4793: 'WeightMatrix<double>::Mult_Mat_Vec_NxM_Mx1_SSE': function compiled as native:
         	Found an intrinsic not supported in managed code
     1>c:\users\osuoa\documents\visual studio 2015\projects\rnn_nova-vis\rnn_nova-vis\rnn_nova\weightmatrix\mult_mat_vec.cpp(135): warning C4793: 'WeightMatrix<double>::Mult_Mat_Vec_NxM_Mx1_SSE': function compiled as native:
         	Found an intrinsic not supported in managed code
     1>c:\users\osuoa\documents\visual studio 2015\projects\rnn_nova-vis\rnn_nova-vis\rnn_nova\weightmatrix\mult_mat_vec.cpp(135): warning C4793: 'WeightMatrix<double>::Mult_Mat_Vec_NxM_Mx1_SSE': function compiled as native:
         	Found an intrinsic not supported in managed code
     1>c:\users\osuoa\documents\visual studio 2015\projects\rnn_nova-vis\rnn_nova-vis\rnn_nova\weightmatrix\mult_mat_vec.cpp(143): warning C4793: 'WeightMatrix<double>::Mult_Mat_Vec_NxM_Mx1_SSE': function compiled as native:
         	Found an intrinsic not supported in managed code
     1>c:\users\osuoa\documents\visual studio 2015\projects\rnn_nova-vis\rnn_nova-vis\rnn_nova\weightmatrix\mult_mat_vec.cpp(144): warning C4793: 'WeightMatrix<double>::Mult_Mat_Vec_NxM_Mx1_SSE': function compiled as native:
         	Found an intrinsic not supported in managed code
     1>c:\users\osuoa\documents\visual studio 2015\projects\rnn_nova-vis\rnn_nova-vis\rnn_nova\weightmatrix\mult_mat_vec.cpp(147): warning C4793: 'WeightMatrix<double>::Mult_Mat_Vec_NxM_Mx1_SSE': function compiled as native:
         	Found an intrinsic not supported in managed code
     1>c:\users\osuoa\documents\visual studio 2015\projects\rnn_nova-vis\rnn_nova-vis\rnn_nova\weightmatrix\mult_mat_vec.cpp(147): warning C4793: 'WeightMatrix<double>::Mult_Mat_Vec_NxM_Mx1_SSE': function compiled as native:
         	Found an intrinsic not supported in managed code
     1>c:\users\osuoa\documents\visual studio 2015\projects\rnn_nova-vis\rnn_nova-vis\rnn_nova\loss_functions\mse.h(18): warning C4700: uninitialized local variable 'cost' used
     1>c:\users\osuoa\documents\visual studio 2015\projects\rnn_nova-vis\rnn_nova-vis\rnn_nova\math\gradient_checking.h(79): warning C4715: 'VecGradApprox': not all control paths return a value
     1>c:\users\osuoa\documents\visual studio 2015\projects\rnn_nova-vis\rnn_nova-vis\rnn_nova\math\gradient_checking.h(118): warning C4715: 'VecGradApprox': not all control paths return a value
       Link:
         C:\Program Files (x86)\Microsoft Visual Studio 14.0\VC\bin\link.exe /ERRORREPORT:PROMPT /OUT:"C:\Users\osuoa\Documents\Visual Studio 2015\Projects\RNN_NOVA-vis\Debug\RNN_NOVA-vis.exe" /INCREMENTAL /NOLOGO /MANIFEST /MANIFESTUAC:"level='asInvoker' uiAccess='false'" /manifest:embed /Debug /PDB:"C:\Users\osuoa\Documents\Visual Studio 2015\Projects\RNN_NOVA-vis\Debug\RNN_NOVA-vis.pdb" /ASSEMBLYDEBUG /SUBSYSTEM:WINDOWS /TLBID:1 /ENTRY:"Main" /DYNAMICBASE /FIXED:NO /NXCOMPAT /MACHINE:X86 Debug\MyForm.obj
         Debug\sigmoid.obj
         Debug\softmax.obj
         Debug\tanh.obj
         Debug\lstm.obj
         Debug\gradient_checking.obj
         Debug\lstm_block.obj
         Debug\mult_mat_vec.obj
         Debug\mult_tranpose_mat_vec.obj
         Debug\adagrad.obj
         Debug\update_weights.obj
         "Debug\.NETFramework,Version=v4.5.2.AssemblyAttributes.obj"
         RNN_NOVA-vis.vcxproj -> C:\Users\osuoa\Documents\Visual Studio 2015\Projects\RNN_NOVA-vis\Debug\RNN_NOVA-vis.exe
     1>Done Building Project "C:\Users\osuoa\Documents\Visual Studio 2015\Projects\RNN_NOVA-vis\RNN_NOVA-vis\RNN_NOVA-vis.vcxproj" (Build target(s)).

Build succeeded.

Time Elapsed 00:00:18.09
